[0.736s] DEBUG:colcon:Command line arguments: ['/usr/bin/colcon', 'build', '--symlink-install']
[0.737s] DEBUG:colcon:Parsed command line arguments: Namespace(allow_overriding=[], ament_cmake_args=None, base_paths=['.'], build_base='build', catkin_cmake_args=None, catkin_skip_building_tests=False, cmake_args=None, cmake_clean_cache=False, cmake_clean_first=False, cmake_force_configure=False, cmake_target=None, cmake_target_skip_unavailable=False, continue_on_error=False, event_handlers=None, executor='parallel', ignore_user_meta=False, install_base='install', log_base=None, log_level=None, main=<bound method BuildVerb.main of <colcon_core.verb.build.BuildVerb object at 0xffffa4cff610>>, merge_install=False, metas=['./colcon.meta'], packages_above=None, packages_above_and_dependencies=None, packages_above_depth=None, packages_end=None, packages_ignore=None, packages_ignore_regex=None, packages_select=None, packages_select_build_failed=False, packages_select_by_dep=None, packages_select_regex=None, packages_select_test_failures=False, packages_skip=None, packages_skip_build_finished=False, packages_skip_by_dep=None, packages_skip_regex=None, packages_skip_test_passed=False, packages_skip_up_to=None, packages_start=None, packages_up_to=None, packages_up_to_regex=None, parallel_workers=6, paths=None, symlink_install=True, test_result_base=None, verb_extension=<colcon_core.verb.build.BuildVerb object at 0xffffa4cff610>, verb_name='build', verb_parser=<colcon_defaults.argument_parser.defaults.DefaultArgumentsDecorator object at 0xffffa4b056a0>)
[1.269s] Level 1:colcon.colcon_core.package_discovery:discover_packages(colcon_meta) check parameters
[1.269s] Level 1:colcon.colcon_core.package_discovery:discover_packages(recursive) check parameters
[1.269s] Level 1:colcon.colcon_core.package_discovery:discover_packages(ignore) check parameters
[1.269s] Level 1:colcon.colcon_core.package_discovery:discover_packages(path) check parameters
[1.270s] Level 1:colcon.colcon_core.package_discovery:discover_packages(colcon_meta) discover
[1.270s] Level 1:colcon.colcon_core.package_discovery:discover_packages(recursive) discover
[1.270s] INFO:colcon.colcon_core.package_discovery:Crawling recursively for packages in '/home/accl_orin_nano2/live_classifier_ws'
[1.270s] Level 1:colcon.colcon_core.package_identification:_identify(.) by extensions ['ignore', 'ignore_ament_install']
[1.270s] Level 1:colcon.colcon_core.package_identification:_identify(.) by extension 'ignore'
[1.270s] Level 1:colcon.colcon_core.package_identification:_identify(.) by extension 'ignore_ament_install'
[1.271s] Level 1:colcon.colcon_core.package_identification:_identify(.) by extensions ['colcon_pkg']
[1.271s] Level 1:colcon.colcon_core.package_identification:_identify(.) by extension 'colcon_pkg'
[1.271s] Level 1:colcon.colcon_core.package_identification:_identify(.) by extensions ['colcon_meta']
[1.271s] Level 1:colcon.colcon_core.package_identification:_identify(.) by extension 'colcon_meta'
[1.271s] Level 1:colcon.colcon_core.package_identification:_identify(.) by extensions ['ros']
[1.271s] Level 1:colcon.colcon_core.package_identification:_identify(.) by extension 'ros'
[1.296s] Level 1:colcon.colcon_core.package_identification:_identify(.) by extensions ['cmake', 'python']
[1.296s] Level 1:colcon.colcon_core.package_identification:_identify(.) by extension 'cmake'
[1.297s] Level 1:colcon.colcon_core.package_identification:_identify(.) by extension 'python'
[1.297s] Level 1:colcon.colcon_core.package_identification:_identify(.) by extensions ['python_setup_py']
[1.297s] Level 1:colcon.colcon_core.package_identification:_identify(.) by extension 'python_setup_py'
[1.297s] Level 1:colcon.colcon_core.package_identification:_identify(build) by extensions ['ignore', 'ignore_ament_install']
[1.297s] Level 1:colcon.colcon_core.package_identification:_identify(build) by extension 'ignore'
[1.297s] Level 1:colcon.colcon_core.package_identification:_identify(build) ignored
[1.298s] Level 1:colcon.colcon_core.package_identification:_identify(install) by extensions ['ignore', 'ignore_ament_install']
[1.298s] Level 1:colcon.colcon_core.package_identification:_identify(install) by extension 'ignore'
[1.298s] Level 1:colcon.colcon_core.package_identification:_identify(install) ignored
[1.298s] Level 1:colcon.colcon_core.package_identification:_identify(log) by extensions ['ignore', 'ignore_ament_install']
[1.298s] Level 1:colcon.colcon_core.package_identification:_identify(log) by extension 'ignore'
[1.298s] Level 1:colcon.colcon_core.package_identification:_identify(log) ignored
[1.299s] Level 1:colcon.colcon_core.package_identification:_identify(src) by extensions ['ignore', 'ignore_ament_install']
[1.299s] Level 1:colcon.colcon_core.package_identification:_identify(src) by extension 'ignore'
[1.299s] Level 1:colcon.colcon_core.package_identification:_identify(src) by extension 'ignore_ament_install'
[1.299s] Level 1:colcon.colcon_core.package_identification:_identify(src) by extensions ['colcon_pkg']
[1.299s] Level 1:colcon.colcon_core.package_identification:_identify(src) by extension 'colcon_pkg'
[1.299s] Level 1:colcon.colcon_core.package_identification:_identify(src) by extensions ['colcon_meta']
[1.299s] Level 1:colcon.colcon_core.package_identification:_identify(src) by extension 'colcon_meta'
[1.299s] Level 1:colcon.colcon_core.package_identification:_identify(src) by extensions ['ros']
[1.299s] Level 1:colcon.colcon_core.package_identification:_identify(src) by extension 'ros'
[1.300s] Level 1:colcon.colcon_core.package_identification:_identify(src) by extensions ['cmake', 'python']
[1.300s] Level 1:colcon.colcon_core.package_identification:_identify(src) by extension 'cmake'
[1.300s] Level 1:colcon.colcon_core.package_identification:_identify(src) by extension 'python'
[1.300s] Level 1:colcon.colcon_core.package_identification:_identify(src) by extensions ['python_setup_py']
[1.300s] Level 1:colcon.colcon_core.package_identification:_identify(src) by extension 'python_setup_py'
[1.300s] Level 1:colcon.colcon_core.package_identification:_identify(src/live_classifier) by extensions ['ignore', 'ignore_ament_install']
[1.300s] Level 1:colcon.colcon_core.package_identification:_identify(src/live_classifier) by extension 'ignore'
[1.300s] Level 1:colcon.colcon_core.package_identification:_identify(src/live_classifier) by extension 'ignore_ament_install'
[1.301s] Level 1:colcon.colcon_core.package_identification:_identify(src/live_classifier) by extensions ['colcon_pkg']
[1.301s] Level 1:colcon.colcon_core.package_identification:_identify(src/live_classifier) by extension 'colcon_pkg'
[1.301s] Level 1:colcon.colcon_core.package_identification:_identify(src/live_classifier) by extensions ['colcon_meta']
[1.301s] Level 1:colcon.colcon_core.package_identification:_identify(src/live_classifier) by extension 'colcon_meta'
[1.301s] Level 1:colcon.colcon_core.package_identification:_identify(src/live_classifier) by extensions ['ros']
[1.301s] Level 1:colcon.colcon_core.package_identification:_identify(src/live_classifier) by extension 'ros'
[1.309s] DEBUG:colcon.colcon_core.package_identification:Package 'src/live_classifier' with type 'ros.ament_python' and name 'live_classifier'
[1.309s] Level 1:colcon.colcon_core.package_discovery:discover_packages(recursive) using defaults
[1.309s] Level 1:colcon.colcon_core.package_discovery:discover_packages(ignore) discover
[1.310s] Level 1:colcon.colcon_core.package_discovery:discover_packages(ignore) using defaults
[1.310s] Level 1:colcon.colcon_core.package_discovery:discover_packages(path) discover
[1.310s] Level 1:colcon.colcon_core.package_discovery:discover_packages(path) using defaults
[1.414s] Level 1:colcon.colcon_core.package_discovery:discover_packages(prefix_path) check parameters
[1.415s] Level 1:colcon.colcon_core.package_discovery:discover_packages(prefix_path) discover
[1.449s] DEBUG:colcon.colcon_installed_package_information.package_discovery:Found 2 installed packages in /home/accl_orin_nano2/try1_ws/install
[1.450s] DEBUG:colcon.colcon_installed_package_information.package_discovery:Found 2 installed packages in /home/accl_orin_nano2/opencv_cam_ws/install
[1.451s] DEBUG:colcon.colcon_installed_package_information.package_discovery:Found 6 installed packages in /home/accl_orin_nano2/vision_ws/install
[1.470s] DEBUG:colcon.colcon_installed_package_information.package_discovery:Found 345 installed packages in /home/accl_orin_nano2/ros2_humble/install
[1.474s] Level 1:colcon.colcon_core.package_discovery:discover_packages(prefix_path) using defaults
[1.539s] Level 5:colcon.colcon_core.verb:set package 'live_classifier' build argument 'cmake_args' from command line to 'None'
[1.539s] Level 5:colcon.colcon_core.verb:set package 'live_classifier' build argument 'cmake_target' from command line to 'None'
[1.539s] Level 5:colcon.colcon_core.verb:set package 'live_classifier' build argument 'cmake_target_skip_unavailable' from command line to 'False'
[1.539s] Level 5:colcon.colcon_core.verb:set package 'live_classifier' build argument 'cmake_clean_cache' from command line to 'False'
[1.539s] Level 5:colcon.colcon_core.verb:set package 'live_classifier' build argument 'cmake_clean_first' from command line to 'False'
[1.539s] Level 5:colcon.colcon_core.verb:set package 'live_classifier' build argument 'cmake_force_configure' from command line to 'False'
[1.539s] Level 5:colcon.colcon_core.verb:set package 'live_classifier' build argument 'ament_cmake_args' from command line to 'None'
[1.540s] Level 5:colcon.colcon_core.verb:set package 'live_classifier' build argument 'catkin_cmake_args' from command line to 'None'
[1.540s] Level 5:colcon.colcon_core.verb:set package 'live_classifier' build argument 'catkin_skip_building_tests' from command line to 'False'
[1.540s] DEBUG:colcon.colcon_core.verb:Building package 'live_classifier' with the following arguments: {'ament_cmake_args': None, 'build_base': '/home/accl_orin_nano2/live_classifier_ws/build/live_classifier', 'catkin_cmake_args': None, 'catkin_skip_building_tests': False, 'cmake_args': None, 'cmake_clean_cache': False, 'cmake_clean_first': False, 'cmake_force_configure': False, 'cmake_target': None, 'cmake_target_skip_unavailable': False, 'install_base': '/home/accl_orin_nano2/live_classifier_ws/install/live_classifier', 'merge_install': False, 'path': '/home/accl_orin_nano2/live_classifier_ws/src/live_classifier', 'symlink_install': True, 'test_result_base': None}
[1.540s] INFO:colcon.colcon_core.executor:Executing jobs using 'parallel' executor
[1.543s] DEBUG:colcon.colcon_parallel_executor.executor.parallel:run_until_complete
[1.543s] INFO:colcon.colcon_ros.task.ament_python.build:Building ROS package in '/home/accl_orin_nano2/live_classifier_ws/src/live_classifier' with build type 'ament_python'
[1.543s] Level 1:colcon.colcon_core.shell:create_environment_hook('live_classifier', 'ament_prefix_path')
[1.556s] INFO:colcon.colcon_core.plugin_system:Skipping extension 'colcon_core.shell.bat': Not used on non-Windows systems
[1.557s] INFO:colcon.colcon_core.shell:Creating environment hook '/home/accl_orin_nano2/live_classifier_ws/install/live_classifier/share/live_classifier/hook/ament_prefix_path.ps1'
[1.559s] INFO:colcon.colcon_core.shell:Creating environment descriptor '/home/accl_orin_nano2/live_classifier_ws/install/live_classifier/share/live_classifier/hook/ament_prefix_path.dsv'
[1.560s] INFO:colcon.colcon_core.shell:Creating environment hook '/home/accl_orin_nano2/live_classifier_ws/install/live_classifier/share/live_classifier/hook/ament_prefix_path.sh'
[1.562s] INFO:colcon.colcon_core.shell:Skip shell extension 'powershell' for command environment: Not usable outside of PowerShell
[1.562s] DEBUG:colcon.colcon_core.shell:Skip shell extension 'dsv' for command environment
[3.355s] INFO:colcon.colcon_core.task.python.build:Building Python package in '/home/accl_orin_nano2/live_classifier_ws/src/live_classifier'
[3.357s] INFO:colcon.colcon_core.shell:Skip shell extension 'powershell' for command environment: Not usable outside of PowerShell
[3.357s] DEBUG:colcon.colcon_core.shell:Skip shell extension 'dsv' for command environment
[5.807s] DEBUG:colcon.colcon_core.event_handler.log_command:Invoking command in '/home/accl_orin_nano2/live_classifier_ws/build/live_classifier': PYTHONPATH=/home/accl_orin_nano2/live_classifier_ws/build/live_classifier/prefix_override:/home/accl_orin_nano2/live_classifier_ws/install/live_classifier/lib/python3.8/site-packages:${PYTHONPATH} /usr/bin/python3 -W ignore:setup.py install is deprecated setup.py develop --editable --build-directory /home/accl_orin_nano2/live_classifier_ws/build/live_classifier/build --no-deps symlink_data
[8.597s] Level 1:colcon.colcon_core.shell:create_environment_hook('live_classifier', 'pythonpath_develop')
[8.599s] INFO:colcon.colcon_core.shell:Creating environment hook '/home/accl_orin_nano2/live_classifier_ws/build/live_classifier/share/live_classifier/hook/pythonpath_develop.ps1'
[8.601s] DEBUG:colcon.colcon_core.event_handler.log_command:Invoked command in '/home/accl_orin_nano2/live_classifier_ws/build/live_classifier' returned '0': PYTHONPATH=/home/accl_orin_nano2/live_classifier_ws/build/live_classifier/prefix_override:/home/accl_orin_nano2/live_classifier_ws/install/live_classifier/lib/python3.8/site-packages:${PYTHONPATH} /usr/bin/python3 -W ignore:setup.py install is deprecated setup.py develop --editable --build-directory /home/accl_orin_nano2/live_classifier_ws/build/live_classifier/build --no-deps symlink_data
[8.603s] INFO:colcon.colcon_core.shell:Creating environment descriptor '/home/accl_orin_nano2/live_classifier_ws/build/live_classifier/share/live_classifier/hook/pythonpath_develop.dsv'
[8.604s] INFO:colcon.colcon_core.shell:Creating environment hook '/home/accl_orin_nano2/live_classifier_ws/build/live_classifier/share/live_classifier/hook/pythonpath_develop.sh'
[8.630s] Level 1:colcon.colcon_core.environment:checking '/home/accl_orin_nano2/live_classifier_ws/install/live_classifier' for CMake module files
[8.632s] Level 1:colcon.colcon_core.environment:checking '/home/accl_orin_nano2/live_classifier_ws/install/live_classifier' for CMake config files
[8.634s] Level 1:colcon.colcon_core.environment:checking '/home/accl_orin_nano2/live_classifier_ws/install/live_classifier/lib'
[8.634s] Level 1:colcon.colcon_core.environment:checking '/home/accl_orin_nano2/live_classifier_ws/install/live_classifier/bin'
[8.635s] Level 1:colcon.colcon_core.environment:checking '/home/accl_orin_nano2/live_classifier_ws/install/live_classifier/lib/pkgconfig/live_classifier.pc'
[8.635s] Level 1:colcon.colcon_core.environment:checking '/home/accl_orin_nano2/live_classifier_ws/install/live_classifier/lib/python3.8/site-packages'
[8.635s] Level 1:colcon.colcon_core.shell:create_environment_hook('live_classifier', 'pythonpath')
[8.636s] INFO:colcon.colcon_core.shell:Creating environment hook '/home/accl_orin_nano2/live_classifier_ws/install/live_classifier/share/live_classifier/hook/pythonpath.ps1'
[8.638s] INFO:colcon.colcon_core.shell:Creating environment descriptor '/home/accl_orin_nano2/live_classifier_ws/install/live_classifier/share/live_classifier/hook/pythonpath.dsv'
[8.638s] INFO:colcon.colcon_core.shell:Creating environment hook '/home/accl_orin_nano2/live_classifier_ws/install/live_classifier/share/live_classifier/hook/pythonpath.sh'
[8.639s] Level 1:colcon.colcon_core.environment:checking '/home/accl_orin_nano2/live_classifier_ws/install/live_classifier/bin'
[8.640s] Level 1:colcon.colcon_core.environment:create_environment_scripts_only(live_classifier)
[8.641s] INFO:colcon.colcon_core.shell:Creating package script '/home/accl_orin_nano2/live_classifier_ws/install/live_classifier/share/live_classifier/package.ps1'
[8.643s] INFO:colcon.colcon_core.shell:Creating package descriptor '/home/accl_orin_nano2/live_classifier_ws/install/live_classifier/share/live_classifier/package.dsv'
[8.644s] INFO:colcon.colcon_core.shell:Creating package script '/home/accl_orin_nano2/live_classifier_ws/install/live_classifier/share/live_classifier/package.sh'
[8.646s] INFO:colcon.colcon_core.shell:Creating package script '/home/accl_orin_nano2/live_classifier_ws/install/live_classifier/share/live_classifier/package.bash'
[8.647s] INFO:colcon.colcon_core.shell:Creating package script '/home/accl_orin_nano2/live_classifier_ws/install/live_classifier/share/live_classifier/package.zsh'
[8.648s] Level 1:colcon.colcon_core.environment:create_file_with_runtime_dependencies(/home/accl_orin_nano2/live_classifier_ws/install/live_classifier/share/colcon-core/packages/live_classifier)
[8.650s] DEBUG:colcon.colcon_parallel_executor.executor.parallel:closing loop
[8.650s] DEBUG:colcon.colcon_parallel_executor.executor.parallel:loop closed
[8.651s] DEBUG:colcon.colcon_parallel_executor.executor.parallel:run_until_complete finished with '0'
[8.651s] DEBUG:colcon.colcon_core.event_reactor:joining thread
[8.688s] INFO:colcon.colcon_core.plugin_system:Skipping extension 'colcon_notification.desktop_notification.terminal_notifier': Not used on non-Darwin systems
[8.689s] INFO:colcon.colcon_core.plugin_system:Skipping extension 'colcon_notification.desktop_notification.win32': Not used on non-Windows systems
[8.689s] INFO:colcon.colcon_notification.desktop_notification:Sending desktop notification using 'notify2'
[8.733s] DEBUG:colcon.colcon_core.event_reactor:joined thread
[8.734s] INFO:colcon.colcon_core.shell:Creating prefix script '/home/accl_orin_nano2/live_classifier_ws/install/local_setup.ps1'
[8.736s] INFO:colcon.colcon_core.shell:Creating prefix util module '/home/accl_orin_nano2/live_classifier_ws/install/_local_setup_util_ps1.py'
[8.739s] INFO:colcon.colcon_core.shell:Creating prefix chain script '/home/accl_orin_nano2/live_classifier_ws/install/setup.ps1'
[8.773s] INFO:colcon.colcon_core.shell:Creating prefix script '/home/accl_orin_nano2/live_classifier_ws/install/local_setup.sh'
[8.775s] INFO:colcon.colcon_core.shell:Creating prefix util module '/home/accl_orin_nano2/live_classifier_ws/install/_local_setup_util_sh.py'
[8.776s] INFO:colcon.colcon_core.shell:Creating prefix chain script '/home/accl_orin_nano2/live_classifier_ws/install/setup.sh'
[8.808s] INFO:colcon.colcon_core.shell:Creating prefix script '/home/accl_orin_nano2/live_classifier_ws/install/local_setup.bash'
[8.809s] INFO:colcon.colcon_core.shell:Creating prefix chain script '/home/accl_orin_nano2/live_classifier_ws/install/setup.bash'
[8.841s] INFO:colcon.colcon_core.shell:Creating prefix script '/home/accl_orin_nano2/live_classifier_ws/install/local_setup.zsh'
[8.842s] INFO:colcon.colcon_core.shell:Creating prefix chain script '/home/accl_orin_nano2/live_classifier_ws/install/setup.zsh'
